"../../../Tauri/Content/Blueprints/Level/Classes/Archaeologist_PlayerStart.uasset" 0
"../../../Engine/Content/EngineMeshes/Humanoid.uasset" 1
"../../../Engine/Content/Functions/Engine_MaterialFunctions02/Utility/BlendAngleCorrectedNormals.uasset" 2
"../../../Engine/Content/Functions/MaterialLayerFunctions/MatLayerBlend_AO.uasset" 3
"../../../Engine/Content/Functions/MaterialLayerFunctions/MatLayerBlend_NormalBlend.uasset" 4
"../../../Engine/Content/Functions/MaterialLayerFunctions/MatLayerBlend_Simple.uasset" 5
"../../../Tauri/Content/UE4-Content/AnimStarterPack/UE4_Mannequin/Materials/MaterialLayers/T_ML_Rubber_Blue_01_D.uasset" 6
"../../../Tauri/Content/UE4-Content/AnimStarterPack/UE4_Mannequin/Materials/MaterialLayers/T_ML_Rubber_Blue_01_N.uasset" 7
"../../../Tauri/Content/UE4-Content/AnimStarterPack/UE4_Mannequin/Materials/MaterialLayers/ML_GlossyBlack_Latex_UE4.uasset" 8
"../../../Tauri/Content/UE4-Content/AnimStarterPack/UE4_Mannequin/Materials/MaterialLayers/ML_Plastic_Shiny_Beige.uasset" 9
"../../../Tauri/Content/UE4-Content/AnimStarterPack/UE4_Mannequin/Textures/UE4_LOGO_CARD.uasset" 10
"../../../Tauri/Content/UE4-Content/AnimStarterPack/UE4_Mannequin/Materials/MaterialLayers/ML_Plastic_Shiny_Beige_LOGO.uasset" 11
"../../../Tauri/Content/UE4-Content/AnimStarterPack/UE4_Mannequin/Materials/MaterialLayers/T_ML_Aluminum01.uasset" 12
"../../../Tauri/Content/UE4-Content/AnimStarterPack/UE4_Mannequin/Materials/MaterialLayers/T_ML_Aluminum01_N.uasset" 13
"../../../Tauri/Content/UE4-Content/AnimStarterPack/UE4_Mannequin/Materials/MaterialLayers/ML_SoftMetal_UE4.uasset" 14
"../../../Tauri/Content/UE4-Content/AnimStarterPack/UE4_Mannequin/Textures/UE4_Mannequin__normals.uasset" 15
"../../../Tauri/Content/UE4-Content/AnimStarterPack/UE4_Mannequin/Textures/UE4_Mannequin_MAT_MASKA.uasset" 16
"../../../Tauri/Content/UE4-Content/AnimStarterPack/UE4_Mannequin/Textures/UE4_Mannequin_occlusion_Mobile.uasset" 17
"../../../Tauri/Content/UE4-Content/AnimStarterPack/UE4_Mannequin/Materials/M_UE4Man_Body.uasset" 18
"../../../Tauri/Content/UE4-Content/AnimStarterPack/UE4_Mannequin/Textures/UE4Man_Logo_N.uasset" 19
"../../../Tauri/Content/UE4-Content/AnimStarterPack/UE4_Mannequin/Materials/M_UE4Man_ChestLogo.uasset" 20
"../../../Tauri/Content/Objects/Character/Mesh/SK_Mannequin_PhysicsAsset.uasset" 21
"../../../Tauri/Content/Objects/Character/Mesh/MainChar.uasset" 22
"../../../Tauri/Content/Objects/Weapons/T_AK74M_1.uasset" 23
"../../../Tauri/Content/Objects/Weapons/T_AK74M_2.uasset" 24
"../../../Tauri/Content/Objects/Weapons/T_AK74M_N.uasset" 25
"../../../Tauri/Content/Objects/Weapons/M_AK74M.uasset" 26
"../../../Tauri/Content/Objects/Weapons/SM_AK74M.uasset" 27
"../../../Tauri/Content/Objects/Character/Mesh/MainSkeleton.uasset" 28
"../../../Tauri/Content/Objects/Character/Animations/Aim/0.uasset" 29
"../../../Tauri/Content/Objects/Character/Animations/Aim/1.uasset" 30
"../../../Tauri/Content/Objects/Character/Animations/Aim/11.uasset" 31
"../../../Tauri/Content/Objects/Character/Animations/Aim/12.uasset" 32
"../../../Tauri/Content/Objects/Character/Animations/Aim/13.uasset" 33
"../../../Tauri/Content/Objects/Character/Animations/Aim/2.uasset" 34
"../../../Tauri/Content/Objects/Character/Animations/Aim/3.uasset" 35
"../../../Tauri/Content/Objects/Character/Animations/Aim/Aim_Ironsight.uasset" 36
"../../../Tauri/Content/Objects/Character/Animations/Crouch_Idle_Rifle_Ironsights.uasset" 37
"../../../Tauri/Content/Objects/Character/Animations/Fire_Rifle_Ironsights.uasset" 38
"../../../Tauri/Content/Objects/Character/Animations/Idle_Rifle_Ironsights.uasset" 39
"../../../Tauri/Content/Objects/Character/Animations/Jump_From_Jog.uasset" 40
"../../../Tauri/Content/Objects/Character/Animations/Jump_From_Stand_Ironsights.uasset" 41
"../../../Tauri/Content/Objects/Character/Animations/Reload_Rifle_Ironsights.uasset" 42
"../../../Tauri/Content/Objects/Character/Animations/Sprint_Fwd_Rifle.uasset" 43
"../../../Tauri/Content/Objects/Character/Animations/Crouch_Walk_Bwd_Rifle_Ironsights.uasset" 44
"../../../Tauri/Content/Objects/Character/Animations/Crouch_Walk_Bwd_Rifle_Ironsights_Copy.uasset" 45
"../../../Tauri/Content/Objects/Character/Animations/Crouch_Walk_Fwd_Rifle_Ironsights.uasset" 46
"../../../Tauri/Content/Objects/Character/Animations/Crouch_Walk_Fwd_Rifle_Ironsights_Copy.uasset" 47
"../../../Tauri/Content/Objects/Character/Animations/Crouch_Walk_Lt_Rifle_Ironsights.uasset" 48
"../../../Tauri/Content/Objects/Character/Animations/Crouch_Walk_Lt_Rifle_Ironsights_Copy.uasset" 49
"../../../Tauri/Content/Objects/Character/Animations/Crouch_Walk_Rt_Rifle_Ironsights.uasset" 50
"../../../Tauri/Content/Objects/Character/Animations/Crouch_Walk_Rt_Rifle_Ironsights_Copy.uasset" 51
"../../../Tauri/Content/Objects/Character/Animations/BS_CrouchWalk.uasset" 52
"../../../Tauri/Content/Objects/Character/Animations/Walk_Bwd_Rifle_Ironsights.uasset" 53
"../../../Tauri/Content/Objects/Character/Animations/Walk_Bwd_Rifle_Ironsights_Copy.uasset" 54
"../../../Tauri/Content/Objects/Character/Animations/Walk_Fwd_Rifle_Ironsights.uasset" 55
"../../../Tauri/Content/Objects/Character/Animations/Walk_Fwd_Rifle_Ironsights_Copy.uasset" 56
"../../../Tauri/Content/Objects/Character/Animations/Walk_Lt_Rifle_Ironsights.uasset" 57
"../../../Tauri/Content/Objects/Character/Animations/Walk_Lt_Rifle_Ironsights_Copy.uasset" 58
"../../../Tauri/Content/Objects/Character/Animations/Walk_Rt_Rifle_Ironsights.uasset" 59
"../../../Tauri/Content/Objects/Character/Animations/Walk_Rt_Rifle_Ironsights_Copy.uasset" 60
"../../../Tauri/Content/Objects/Character/Animations/BS_IronSight_Walk.uasset" 61
"../../../Engine/Content/EditorBlueprintResources/StandardMacros.uasset" 62
"../../../Engine/Content/EditorBlueprintResources/ActorMacros.uasset" 63
"../../../Tauri/Content/Blueprints/Level/Items/Item.uasset" 64
"../../../Tauri/Content/Blueprints/Level/Items/Weapon.uasset" 65
"../../../Tauri/Content/Blueprints/Level/Items/Weapons/AK74M.uasset" 66
"../../../Tauri/Content/Objects/Character/Materials/MaterialLayers/T_ML_Rubber_Blue_01_D.uasset" 67
"../../../Tauri/Content/Objects/Character/Materials/MaterialLayers/T_ML_Rubber_Blue_01_N.uasset" 68
"../../../Tauri/Content/Objects/Character/Materials/MaterialLayers/ML_GlossyBlack_Latex_UE4.uasset" 69
"../../../Tauri/Content/Objects/Character/Materials/MaterialLayers/ML_Plastic_Shiny_Beige.uasset" 70
"../../../Tauri/Content/Objects/Character/Materials/MaterialLayers/ML_Plastic_Shiny_Beige_LOGO.uasset" 71
"../../../Tauri/Content/Objects/Character/Materials/MaterialLayers/T_ML_Aluminum01.uasset" 72
"../../../Tauri/Content/Objects/Character/Materials/MaterialLayers/T_ML_Aluminum01_N.uasset" 73
"../../../Tauri/Content/Objects/Character/Materials/MaterialLayers/ML_SoftMetal_UE4.uasset" 74
"../../../Tauri/Content/Objects/Character/Textures/UE4_Mannequin_MAT_MASKA.uasset" 75
"../../../Tauri/Content/Objects/Character/Materials/M_Arch_Body.uasset" 76
"../../../Tauri/Content/Objects/Character/Mesh/Archaeologist.uasset" 77
"../../../Tauri/Content/Blueprints/Level/Classes/Archaeologist.uasset" 78
"../../../Tauri/Content/Objects/Character/Materials/M_Assault_Body.uasset" 79
"../../../Tauri/Content/Objects/Character/Mesh/Assault.uasset" 80
"../../../Tauri/Content/Blueprints/Level/Classes/Assault.uasset" 81
"../../../Tauri/Content/Objects/Character/Materials/M_Medic_Body.uasset" 82
"../../../Tauri/Content/Objects/Character/Mesh/Medic.uasset" 83
"../../../Tauri/Content/Blueprints/Level/Classes/Medic.uasset" 84
"../../../Tauri/Content/Objects/Character/Textures/UE4_Mannequin__normals.uasset" 85
"../../../Tauri/Content/Objects/Character/Materials/M_Tech_Body.uasset" 86
"../../../Tauri/Content/Objects/Character/Mesh/Tech.uasset" 87
"../../../Tauri/Content/Blueprints/Level/Classes/Tech.uasset" 88
"../../../Tauri/Content/Blueprints/Level/Classes/EClasses.uasset" 89
"../../../Tauri/Content/Blueprints/Level/GameMode/TauriGameInstance.uasset" 90
"../../../Tauri/Content/Blueprints/Level/Classes/Tech_PlayerStart.uasset" 91
"../../../Tauri/Content/Blueprints/Level/Classes/Assault_PlayerStart.uasset" 92
"../../../Tauri/Content/Blueprints/Level/Classes/Medic_PlayerStart.uasset" 93
"../../../Tauri/Content/Blueprints/Level/GameMode/TauriCharacter.uasset" 94
"../../../Tauri/Content/Blueprints/Level/HUD/HudInterface.uasset" 95
"../../../Tauri/Content/Objects/HUD/t_crosshair.uasset" 96
"../../../Tauri/Content/Blueprints/Level/HUD/HudWidget.uasset" 97
"../../../Tauri/Content/Blueprints/Level/GameMode/TauriHud.uasset" 98
"../../../Tauri/Content/Blueprints/Level/GameMode/TauriPlayerCameraManager.uasset" 99
"../../../Tauri/Content/Blueprints/Level/GameMode/TauriSpectator.uasset" 100
"../../../Tauri/Content/Blueprints/Level/GameMode/TauriPlayerController.uasset" 101
"../../../Tauri/Content/Objects/Weapons/T_BulletHole.uasset" 102
"../../../Tauri/Content/Objects/Weapons/M_BulletHole.uasset" 103
"../../../Tauri/Content/Blueprints/Level/GameMode/TauriPlayer.uasset" 104
"../../../Tauri/Content/Objects/Character/Animations/Tauri_AnimBP.uasset" 105
"../../../Tauri/Content/Blueprints/Level/AI/AIBlackBoard.uasset" 106
"../../../Tauri/Content/Blueprints/Level/AI/DecoratorCloseEnough.uasset" 107
"../../../Tauri/Content/Blueprints/Level/AI/ServiceFindEnemyLocAndRot.uasset" 108
"../../../Tauri/Content/Blueprints/Level/AI/TaskFire.uasset" 109
"../../../Tauri/Content/Blueprints/Level/AI/TaskMoveTo.uasset" 110
"../../../Tauri/Content/Blueprints/Level/AI/TaskResetDestination.uasset" 111
"../../../Tauri/Content/Blueprints/Level/AI/AIBehaviorTree.uasset" 112
"../../../Tauri/Content/Blueprints/Level/AI/TauriAIController.uasset" 113
"../../../Tauri/Content/Objects/AI/Materials/BotDebug.uasset" 114
"../../../Tauri/Content/Blueprints/Level/AI/TauriAI.uasset" 115
"../../../Engine/Content/EngineSky/C_Sky_Cloud_Color.uasset" 116
"../../../Engine/Content/EngineSky/C_Sky_Horizon_Color.uasset" 117
"../../../Engine/Content/EngineSky/C_Sky_Zenith_Color.uasset" 118
"../../../Engine/Content/EngineSky/T_Sky_Blue.uasset" 119
"../../../Engine/Content/EngineSky/T_Sky_Clouds_M.uasset" 120
"../../../Engine/Content/EngineSky/T_Sky_Stars.uasset" 121
"../../../Engine/Content/EngineSky/SM_SkySphere.uasset" 122
"../../../Engine/Content/EngineSky/M_Sky_Panning_Clouds2.uasset" 123
"../../../Engine/Content/EngineSky/BP_Sky_Sphere.uasset" 124
"../../../Tauri/Content/Blueprints/Level/GameMode/TauriPlayerState.uasset" 125
"../../../Tauri/Content/Blueprints/Level/GameMode/TauriGameMode.uasset" 126
"../../../Engine/Content/Functions/Engine_MaterialFunctions01/Opacity/CameraDepthFade.uasset" 127
"../../../Engine/Content/EngineMaterials/T_Default_Material_Grid_M.uasset" 128
"../../../Engine/Content/EngineMaterials/T_Default_Material_Grid_N.uasset" 129
"../../../Engine/Content/EngineMaterials/WorldGridMaterial.uasset" 130
"../../../Tauri/Content/Objects/Primitives/Materials/RampMaterial.uasset" 131
"../../../Tauri/Content/Objects/Primitives/Materials/CubeMaterial.uasset" 132
"../../../Tauri/Content/Objects/Primitives/Mesh/1M_Cube.uasset" 133
"../../../Tauri/Content/Objects/Primitives/Mesh/Bump_StaticMesh.uasset" 134
"../../../Tauri/Content/Objects/Primitives/Mesh/LeftArm_StaticMesh.uasset" 135
"../../../Tauri/Content/Objects/Primitives/Mesh/Linear_Stair_StaticMesh.uasset" 136
"../../../Tauri/Content/Objects/Primitives/Mesh/Ramp_StaticMesh.uasset" 137
"../../../Tauri/Content/Objects/Primitives/Mesh/RightArm_StaticMesh.uasset" 138
"../../../Tauri/Content/Objects/Primitives/Mesh/TemplateFloor.uasset" 139
"../../../Tauri/Content/Maps/ThirdPersonExampleMap.umap" 140
"../../../Tauri/Content/Objects/HUD/F_Stargate.uasset" 141
"../../../Tauri/Content/Objects/HUD/T_MainMenu.uasset" 142
"../../../Tauri/Content/Blueprints/Menu/HUD/CreateServerMenu.uasset" 143
"../../../Tauri/Content/Blueprints/Menu/HUD/FoundServerWidget.uasset" 144
"../../../Tauri/Content/Blueprints/Menu/HUD/SearchServerMenu.uasset" 145
"../../../Tauri/Content/Objects/HUD/T_BP.uasset" 146
"../../../Tauri/Content/Blueprints/Menu/HUD/MainMenu.uasset" 147
"../../../Tauri/Content/Blueprints/Menu/GameMode/MenuHUD.uasset" 148
"../../../Tauri/Content/Blueprints/Menu/GameMode/MenuGameMode.uasset" 149
"../../../Tauri/Content/Maps/MainMenu.umap" 150
"../../../Tauri/Content/Blueprints/Menu/GameMode/LobbyPlayerController.uasset" 151
"../../../Tauri/Content/Objects/HUD/F_Symbols.uasset" 152
"../../../Tauri/Content/Blueprints/Menu/HUD/LobbyMenu.uasset" 153
"../../../Tauri/Content/Blueprints/Menu/GameMode/LobbyHUD.uasset" 154
"../../../Tauri/Content/Blueprints/Menu/GameMode/LobbyGameMode.uasset" 155
"../../../Tauri/Content/Maps/LobbyMenu.umap" 156
"../../../Engine/Content/EngineMaterials/DefaultMaterial.uasset" 157
"../../../Engine/Content/EngineMaterials/DefaultDiffuse.uasset" 158
"../../../Engine/Content/EngineMaterials/DefaultNormal.uasset" 159
"../../../Engine/Content/Maps/Entry.umap" 160
"../../../Engine/Content/EngineFonts/Roboto.uasset" 161
"../../../Engine/Content/Functions/Engine_MaterialFunctions01/Shading/PowerToRoughness.uasset" 162
"../../../Engine/Content/Functions/Engine_MaterialFunctions01/Shading/ConvertFromDiffSpec.uasset" 163
"../../../Engine/Content/EngineMaterials/DefaultDeferredDecalMaterial.uasset" 164
"../../../Engine/Content/EngineMaterials/DefaultLightFunctionMaterial.uasset" 165
"../../../Engine/Content/Functions/Engine_MaterialFunctions02/Utility/BreakOutFloat2Components.uasset" 166
"../../../Engine/Content/EngineMaterials/DefaultPostProcessMaterial.uasset" 167
"../../../Engine/Content/EngineResources/DefaultTexture.uasset" 168
"../../../Engine/Content/Functions/Engine_MaterialFunctions02/Texturing/ScreenAlignedUVs.uasset" 169
"../../../Engine/Content/EngineResources/WhiteSquareTexture.uasset" 170
"../../../Engine/Content/EngineMaterials/Widget3DPassThrough.uasset" 171
"../../../Engine/Content/EngineMaterials/Widget3DPassThrough_Translucent.uasset" 172
"../../../Engine/Content/EngineMaterials/Widget3DPassThrough_Translucent_OneSided.uasset" 173
"../../../Engine/Content/EngineMaterials/Widget3DPassThrough_Opaque.uasset" 174
"../../../Engine/Content/EngineMaterials/Widget3DPassThrough_Opaque_OneSided.uasset" 175
"../../../Engine/Content/EngineMaterials/Widget3DPassThrough_Masked.uasset" 176
"../../../Engine/Content/EngineMaterials/Widget3DPassThrough_Masked_OneSided.uasset" 177
"../../../Engine/Content/EditorResources/S_Actor.uasset" 178
"../../../Engine/Content/Maps/Templates/Thumbnails/Default.uasset" 179
"../../../Engine/Content/EditorMaterials/ParticleSystems/PSysThumbnail_NoImage.uasset" 180
"../../../Engine/Content/EditorMaterials/ParticleSystems/PSysThumbnail_OOD.uasset" 181
"../../../Engine/Content/EditorLandscapeResources/DataLayer.uasset" 182
"../../../Engine/Content/EngineDamageTypes/DmgTypeBP_Environmental.uasset" 183
"../../../Engine/Content/EngineMeshes/Sphere.uasset" 184
"../../../Engine/Content/EngineFonts/RobotoDistanceField.uasset" 185
"../../../Engine/Content/EngineMaterials/DefaultTextMaterialOpaque.uasset" 186
"../../../Engine/Content/EditorResources/S_Trigger.uasset" 187
"../../../Engine/Content/EngineResources/GradientTexture0.uasset" 188
"../../../Engine/Content/EngineResources/Black.uasset" 189
"../../../Engine/Content/EditorMaterials/MatineeGroups/MAT_Groups_Float.uasset" 190
"../../../Engine/Content/EditorMaterials/MatineeGroups/MAT_Groups_Director.uasset" 191
"../../../Engine/Content/EditorMaterials/MatineeGroups/MAT_Groups_Event.uasset" 192
"../../../Engine/Content/EditorMaterials/MatineeGroups/MAT_Groups_Anim.uasset" 193
"../../../Engine/Content/EditorMaterials/MatineeGroups/MAT_Groups_Fade.uasset" 194
"../../../Engine/Content/EditorMaterials/MatineeGroups/MAT_Groups_Move.uasset" 195
"../../../Engine/Content/EditorMaterials/MatineeGroups/MAT_Groups_Slomo.uasset" 196
"../../../Engine/Content/EditorMaterials/MatineeGroups/MAT_ColorTrack.uasset" 197
"../../../Engine/Content/EditorMaterials/MAT_Groups_Toggle.uasset" 198
"../../../Engine/Content/EditorMaterials/MatineeGroups/MAT_Groups_AudioMaster.uasset" 199
"../../../Engine/Content/EditorMaterials/MatineeGroups/MAT_Groups_Sound.uasset" 200
"../../../Engine/Content/EditorMaterials/MatineeGroups/MAT_Groups_Vector.uasset" 201
"../../../Engine/Content/EditorMaterials/MAT_Groups_Visibility.uasset" 202
"../../../Engine/Content/EngineResources/DefaultTextureCube.uasset" 203
"../../../Engine/Content/EngineMeshes/Cylinder.uasset" 204
"../../../Engine/Content/EngineTireTypes/DefaultTireType.uasset" 205
"../../../Engine/Content/EngineResources/AICON-Red.uasset" 206
"../../../Engine/Content/EngineResources/AICON-Green.uasset" 207
"../../../Engine/Content/Tutorial/Basics/TutorialAssets/icon_tab_Levels_40x.uasset" 208
"../../../Engine/Content/Tutorial/Basics/LevelEditorOverview.uasset" 209
"../../../Engine/Content/Tutorial/Basics/LevelEditorAttract.uasset" 210
"../../../Engine/Content/Tutorial/SubEditors/TutorialAssets/icon_ShowSkeletalMeshes_40x.uasset" 211
"../../../Engine/Content/Tutorial/SubEditors/TutorialAssets/Character/TutorialTPP_Mat.uasset" 212
"../../../Engine/Content/Tutorial/SubEditors/TutorialAssets/Character/TutorialTPP_PhysicsAsset.uasset" 213
"../../../Engine/Content/Tutorial/SubEditors/TutorialAssets/Character/TutorialTPP.uasset" 214
"../../../Engine/Content/Tutorial/SubEditors/TutorialAssets/Character/TutorialTPP_Skeleton.uasset" 215
"../../../Engine/Content/Tutorial/SubEditors/TutorialAssets/Character/Tutorial_Idle.uasset" 216
"../../../Engine/Content/Tutorial/SubEditors/TutorialAssets/Character/Tutorial_Walk_Fwd.uasset" 217
"../../../Engine/Content/Tutorial/SubEditors/TutorialAssets/Character/NewBlendSpace1D.uasset" 218
"../../../Engine/Content/Tutorial/SubEditors/TutorialAssets/Character/TutorialCharacter.uasset" 219
"../../../Engine/Content/Tutorial/SubEditors/TutorialAssets/Character/TutorialTPP_AnimBlueprint.uasset" 220
"../../../Engine/Content/Tutorial/SubEditors/PersonaAnimBlueprintEditorWalkthrough.uasset" 221
"../../../Engine/Content/Tutorial/SubEditors/PersonaAnimEditorWalkThrough.uasset" 222
"../../../Engine/Content/Tutorial/ContentIntroCurve.uasset" 223
"../../../Engine/Plugins/2D/Paper2D/Content/PlaceholderTextures/DummySpriteTexture.uasset" 224
"../../../Engine/Plugins/2D/Paper2D/Content/DefaultSpriteMaterial.uasset" 225
"../../../Engine/Plugins/2D/Paper2D/Content/MaskedUnlitSpriteMaterial.uasset" 226
"../../../Engine/Plugins/2D/Paper2D/Content/OpaqueUnlitSpriteMaterial.uasset" 227
"../../../Engine/Plugins/2D/Paper2D/Content/DummySpriteTexture.uasset" 228
"../../../Engine/Plugins/2D/Paper2D/Content/DummySprite.uasset" 229
"../../../Engine/Plugins/2D/Paper2D/Content/DefaultPaperTerrainMaterial.uasset" 230
"../../../Engine/Plugins/Runtime/LeapMotionController/Content/LM_CapsuleMesh.uasset" 231
"../../../Engine/Plugins/Runtime/LeapMotionController/Content/LM_TorusMesh.uasset" 232
"../../../Engine/Plugins/Runtime/LeapMotionController/Content/LM_HandColor.uasset" 233
"../../../Engine/Plugins/Runtime/LeapMotionController/Content/LM_SampleDistortion.uasset" 234
"../../../Engine/Plugins/Runtime/LeapMotionController/Content/LM_TestTexture.uasset" 235
"../../../Engine/Plugins/Runtime/LeapMotionController/Content/LM_PassthroughMaterial.uasset" 236
"../../../Engine/Content/BasicShapes/Cube.uasset" 237
"../../../Engine/Content/EngineMaterials/RemoveSurfaceMaterial.uasset" 238
"../../../Engine/Content/EngineDebugMaterials/DebugMeshMaterial.uasset" 239
"../../../Engine/Content/EngineMaterials/InvalidLightmapSettings.uasset" 240
"../../../Engine/Content/EngineMaterials/M_InvalidLightmapSettings.uasset" 241
"../../../Engine/Content/EditorMaterials/GizmoMaterial.uasset" 242
"../../../Engine/Content/EngineMaterials/Good64x64TilingNoiseHighFreq.uasset" 243
"../../../Engine/Content/EngineMaterials/DefaultBokeh.uasset" 244
"../../../Engine/Content/EngineMaterials/PreintegratedSkinBRDF.uasset" 245
"../../../Engine/Content/EngineMaterials/MiniFont.uasset" 246
"../../../Engine/Content/EngineMaterials/WeightMapPlaceholderTexture.uasset" 247
"../../../Engine/Content/EngineMaterials/DefaultWhiteGrid.uasset" 248
"../../../Engine/Content/EngineMaterials/DefaultPhysicalMaterial.uasset" 249
"../../../Engine/Content/EngineFonts/RobotoTiny.uasset" 250
"../../../Tauri/Content/UE4-Content/StarterContent/Materials/M_Basic_Wall.uasset" 251
"../../../Tauri/Content/UE4-Content/StarterContent/Shapes/Shape_WideCapsule.uasset" 252
"../../../Tauri/Content/UE4-Content/StarterContent/Shapes/Shape_Wedge_A.uasset" 253
"../../../Tauri/Content/UE4-Content/StarterContent/Shapes/Shape_Wedge_B.uasset" 254
"../../../Tauri/Content/UE4-Content/StarterContent/Shapes/Shape_Tube.uasset" 255
"../../../Tauri/Content/Objects/Character/Textures/UE4Man_Logo_N.uasset" 256
"../../../Tauri/Content/UE4-Content/AnimStarterPack/UE4_Mannequin/Mesh/SK_Mannequin_PhysicsAsset.uasset" 257
"../../../Tauri/Content/UE4-Content/AnimStarterPack/UE4_Mannequin/Mesh/SK_Mannequin.uasset" 258
"../../../Tauri/Content/UE4-Content/AnimStarterPack/UE4_Mannequin/Mesh/UE4_Mannequin_Skeleton.uasset" 259
"../../../Tauri/Content/UE4-Content/AnimStarterPack/UE4_Mannequin/Mesh/AIm_Ironsight_Copy.uasset" 260
"../../../Tauri/Content/UE4-Content/StarterContent/Shapes/Shape_TriPyramid.uasset" 261
"../../../Tauri/Content/UE4-Content/StarterContent/Textures/T_CobbleStone_Rough_D.uasset" 262
"../../../Tauri/Content/UE4-Content/StarterContent/Textures/T_CobbleStone_Rough_N.uasset" 263
"../../../Tauri/Content/UE4-Content/StarterContent/Textures/T_Gradinet_01.uasset" 264
"../../../Tauri/Content/UE4-Content/StarterContent/Textures/T_Rock_Smooth_Granite_D.uasset" 265
"../../../Tauri/Content/UE4-Content/StarterContent/Materials/M_CobbleStone_Rough.uasset" 266
"../../../Tauri/Content/UE4-Content/StarterContent/Shapes/Shape_Sphere.uasset" 267
"../../../Tauri/Content/UE4-Content/StarterContent/Shapes/Shape_Torus.uasset" 268
"../../../Tauri/Content/UE4-Content/StarterContent/Shapes/Shape_Trim.uasset" 269
"../../../Tauri/Content/UE4-Content/StarterContent/Shapes/Shape_Trim_90_In.uasset" 270
"../../../Tauri/Content/UE4-Content/StarterContent/Shapes/Shape_Trim_90_Out.uasset" 271
"../../../Engine/Content/MobileResources/T_MobileMenu2.uasset" 272
"../../../Tauri/Content/UE4-Content/StarterContent/Textures/T_TableRound_M.uasset" 273
"../../../Tauri/Content/UE4-Content/StarterContent/Textures/T_TableRound_N.uasset" 274
"../../../Tauri/Content/UE4-Content/StarterContent/Props/Materials/M_TableRound.uasset" 275
"../../../Tauri/Content/UE4-Content/StarterContent/Props/SM_TableRound.uasset" 276
"../../../Tauri/Content/UE4-Content/StarterContent/Textures/T_Frame_M.uasset" 277
"../../../Tauri/Content/UE4-Content/StarterContent/Textures/T_Frame_N.uasset" 278
"../../../Tauri/Content/UE4-Content/StarterContent/Props/Materials/M_Frame.uasset" 279
"../../../Tauri/Content/UE4-Content/StarterContent/Props/SM_WindowFrame.uasset" 280
"../../../Tauri/Content/UE4-Content/StarterContent/Shapes/Shape_Pipe_90.uasset" 281
"../../../Tauri/Content/UE4-Content/StarterContent/Shapes/Shape_Plane.uasset" 282
"../../../Tauri/Content/UE4-Content/StarterContent/Shapes/Shape_QuadPyramid.uasset" 283
"../../../Engine/Content/MobileResources/HUD/MobileHUDButton3.uasset" 284
"../../../Tauri/Content/Objects/Character/Animations/Aim/4.uasset" 285
"../../../Tauri/Content/Objects/Character/Animations/Aim/5.uasset" 286
"../../../Tauri/Content/Objects/Character/Animations/Aim/Aim_Space_Ironsights.uasset" 287
"../../../Engine/Content/MobileResources/HUD/MobileHUDDirectionPad3.uasset" 288
"../../../Tauri/Content/Objects/Weapons/bullethole_Mat.uasset" 289
"../../../Tauri/Content/UE4-Content/StarterContent/Textures/T_Ceramic_Tile_M.uasset" 290
"../../../Tauri/Content/UE4-Content/StarterContent/Textures/T_Ceramic_Tile_N.uasset" 291
"../../../Tauri/Content/UE4-Content/StarterContent/Textures/T_Perlin_Noise_M.uasset" 292
"../../../Tauri/Content/UE4-Content/StarterContent/Textures/T_Rock_Marble_Polished_D.uasset" 293
"../../../Tauri/Content/UE4-Content/StarterContent/Materials/M_Ceramic_Tile_Checker.uasset" 294
"../../../Tauri/Content/UE4-Content/StarterContent/Textures/T_CobbleStone_Pebble_D.uasset" 295
"../../../Tauri/Content/UE4-Content/StarterContent/Textures/T_CobbleStone_Pebble_M.uasset" 296
"../../../Tauri/Content/UE4-Content/StarterContent/Textures/T_CobbleStone_Pebble_N.uasset" 297
"../../../Tauri/Content/UE4-Content/StarterContent/Textures/T_MacroVariation.uasset" 298
"../../../Tauri/Content/UE4-Content/StarterContent/Materials/M_CobbleStone_Pebble.uasset" 299
"../../../Tauri/Content/Objects/Character/Materials/M_UE4Man_Body.uasset" 300
"../../../Tauri/Content/Objects/Character/Materials/M_UE4Man_ChestLogo.uasset" 301
"../../../Engine/Content/MobileResources/HUD/MobileHUDButton1_off.uasset" 302
"../../../Engine/Content/MobileResources/HUD/MobileHUDDirectionPad.uasset" 303
"../../../Engine/Content/MobileResources/HUD/T_Castle_ThumbstickInner.uasset" 304
"../../../Tauri/Content/Objects/Character/Animations/Aim/14.uasset" 305
"../../../Tauri/Content/Objects/Character/Animations/Aim/15.uasset" 306
"../../../Tauri/Content/Objects/Primitives/Mesh/1M_Cube_Chamfer.uasset" 307
"../../../Tauri/Content/UE4-Content/AnimStarterPack/Aim_Space_Hip.uasset" 308
"../../../Tauri/Content/UE4-Content/AnimStarterPack/Aim_Space_Ironsights.uasset" 309
"../../../Tauri/Content/UE4-Content/AnimStarterPack/Crouch_Idle_Rifle_Ironsights.uasset" 310
"../../../Tauri/Content/UE4-Content/AnimStarterPack/Crouch_to_Stand_Rifle_Hip.uasset" 311
"../../../Tauri/Content/UE4-Content/AnimStarterPack/Crouch_to_Stand_Rifle_Ironsights.uasset" 312
"../../../Tauri/Content/UE4-Content/AnimStarterPack/Crouch_Walk_Bwd_Rifle_Ironsights.uasset" 313
"../../../Tauri/Content/UE4-Content/AnimStarterPack/Crouch_Walk_Fwd_Rifle_Ironsights.uasset" 314
"../../../Tauri/Content/UE4-Content/AnimStarterPack/Crouch_Walk_Lt_Rifle_Ironsights.uasset" 315
"../../../Tauri/Content/UE4-Content/AnimStarterPack/Crouch_Walk_Rt_Rifle_Ironsights.uasset" 316
"../../../Tauri/Content/UE4-Content/AnimStarterPack/Death_1.uasset" 317
"../../../Tauri/Content/UE4-Content/AnimStarterPack/Death_2.uasset" 318
"../../../Tauri/Content/UE4-Content/AnimStarterPack/Death_3.uasset" 319
"../../../Tauri/Content/UE4-Content/AnimStarterPack/Death_Ironsights_1.uasset" 320
"../../../Tauri/Content/UE4-Content/AnimStarterPack/Death_Ironsights_2.uasset" 321
"../../../Tauri/Content/UE4-Content/AnimStarterPack/Equip_Pistol_Standing.uasset" 322
"../../../Tauri/Content/UE4-Content/AnimStarterPack/Equip_Rifle_Standing.uasset" 323
"../../../Tauri/Content/UE4-Content/AnimStarterPack/Fire_Rifle_Hip.uasset" 324
"../../../Tauri/Content/UE4-Content/AnimStarterPack/Fire_Rifle_Ironsights.uasset" 325
"../../../Tauri/Content/UE4-Content/AnimStarterPack/Fire_Shotgun_Hip.uasset" 326
"../../../Tauri/Content/UE4-Content/AnimStarterPack/Fire_Shotgun_Ironsights.uasset" 327
"../../../Tauri/Content/UE4-Content/AnimStarterPack/Hit_React_1.uasset" 328
"../../../Tauri/Content/UE4-Content/AnimStarterPack/Hit_React_2.uasset" 329
"../../../Tauri/Content/UE4-Content/AnimStarterPack/Hit_React_3.uasset" 330
"../../../Tauri/Content/UE4-Content/AnimStarterPack/Hit_React_4.uasset" 331
"../../../Tauri/Content/UE4-Content/AnimStarterPack/Idle_Pistol.uasset" 332
"../../../Tauri/Content/UE4-Content/AnimStarterPack/Idle_Rifle_Hip_Break1.uasset" 333
"../../../Tauri/Content/UE4-Content/AnimStarterPack/Idle_Rifle_Hip_Break2.uasset" 334
"../../../Tauri/Content/UE4-Content/AnimStarterPack/Idle_Rifle_Ironsights.uasset" 335
"../../../Engine/Content/EditorMaterials/PhAT_JointLimitMaterial.uasset" 336
"../../../Engine/Content/EditorMaterials/PreviewShadowIndicator.uasset" 337
"../../../Engine/Content/EditorMaterials/PreviewShadowIndicatorMaterial.uasset" 338
"../../../Engine/Content/EditorMeshes/ColorCalibrator/M_ChromeBall.uasset" 339
"../../../Engine/Content/EditorMeshes/ColorCalibrator/M_ClearCoat.uasset" 340
"../../../Engine/Content/EditorMeshes/ColorCalibrator/M_ClearCoatBlack.uasset" 341
"../../../Engine/Content/EditorMeshes/ColorCalibrator/T_ColorGrid.uasset" 342
"../../../Engine/Content/EditorMeshes/ColorCalibrator/M_ColorGrid.uasset" 343
"../../../Engine/Content/EditorMeshes/ColorCalibrator/M_GreyBall.uasset" 344
"../../../Engine/Content/EditorMeshes/ColorCalibrator/SM_ColorCalibrator.uasset" 345
"../../../Engine/Content/EditorResources/BSPVertex.uasset" 346
"../../../Engine/Content/EditorResources/EmptyActor.uasset" 347
"../../../Engine/Content/EngineDebugMaterials/HeatmapGradient.uasset" 348
"../../../Engine/Content/EngineDebugMaterials/BoneWeightMaterial.uasset" 349
"../../../Engine/Content/EngineDebugMaterials/GeomMaterial.uasset" 350
"../../../Engine/Content/EngineMaterials/EditorBrushMaterial.uasset" 351
"../../../Engine/Content/MobileResources/T_MobileControls_texture.uasset" 352
"../../../Engine/Content/MobileResources/HUD/AnalogHat.uasset" 353
"../../../Engine/Content/MobileResources/HUD/VirtualJoystick_Background.uasset" 354
"../../../Engine/Content/MobileResources/HUD/VirtualJoystick_Thumb.uasset" 355
"../../../Engine/Content/MobileResources/HUD/DefaultVirtualJoysticks.uasset" 356
"../../../Engine/Content/MobileResources/HUD/LeftVirtualJoystickOnly.uasset" 357
"../../../Engine/Content/MobileResources/HUD/MobileHUDButton1_on.uasset" 358
"../../../Engine/Content/MobileResources/HUD/MobileHUDButton2_off.uasset" 359
"../../../Engine/Content/MobileResources/HUD/MobileHUDButton2_on.uasset" 360
"../../../Engine/Content/MobileResources/HUD/MobileHUDButtonFire.uasset" 361
"../../../Engine/Content/MobileResources/HUD/MobileHUDDirectionPad2.uasset" 362
"../../../Engine/Content/MobileResources/HUD/MobileHUDDirectionStick.uasset" 363
"../../../Engine/Content/MobileResources/HUD/T_Castle_ThumbstickOutter.uasset" 364
"../../../Engine/Content/Tutorial/BlueprintTutorials/TutorialAssets/Blueprint_64x.uasset" 365
"../../../Engine/Content/Tutorial/BlueprintTutorials/BlueprintEditorTutorial.uasset" 366
"../../../Engine/Content/Tutorial/BlueprintTutorials/TutorialAssets/BlueprintInterface_64x.uasset" 367
"../../../Engine/Content/Tutorial/BlueprintTutorials/TutorialAssets/Tutorial_BP_Interface.uasset" 368
"../../../Engine/Content/Tutorial/BlueprintTutorials/BlueprintInterfacesEditorOverview.uasset" 369
"../../../Engine/Content/Tutorial/BlueprintTutorials/TutorialAssets/BlueprintMacroLibrary_64x.uasset" 370
"../../../Engine/Content/Tutorial/BlueprintTutorials/TutorialAssets/Tutorial_BP_MacroLib.uasset" 371
"../../../Engine/Content/Tutorial/BlueprintTutorials/BlueprintMacroLibrariesEditorOverview.uasset" 372
"../../../Engine/Content/Tutorial/BlueprintTutorials/LevelBlueprintEditorOverview.uasset" 373
"../../../Engine/Content/Tutorial/Foliage/TutorialAssets/Foliage.uasset" 374
"../../../Engine/Content/Tutorial/Foliage/Foliage_Settings_Tutorial.uasset" 375
"../../../Engine/Content/Tutorial/Foliage/Foliage_Using_The_Tool_Tutorial.uasset" 376
"../../../Engine/Content/Tutorial/Foliage/Foliage_Intro_Tutorial.uasset" 377
"../../../Engine/Content/Tutorial/Landscape/TutorialAssets/Landscape.uasset" 378
"../../../Engine/Content/Tutorial/Landscape/Landscape_Painting_Mode.uasset" 379
"../../../Engine/Content/Tutorial/Landscape/Landscape_Sculpt_Mode.uasset" 380
"../../../Engine/Content/Tutorial/Landscape/Landscape_Manage_Mode.uasset" 381
"../../../Engine/Content/Tutorial/Paper2D/TutorialAssets/Paper2DFlipbook_TutorialIcon.uasset" 382
"../../../Engine/Content/Tutorial/Paper2D/FlipbookEditorTutorial.uasset" 383
"../../../Engine/Content/Tutorial/Paper2D/TutorialAssets/Paper2DSprite_TutorialIcon.uasset" 384
"../../../Engine/Content/Tutorial/Paper2D/SpriteEditorTutorial.uasset" 385
"../../../Engine/Content/EditorMeshes/EditorCube.uasset" 386
"../../../Engine/Content/Tutorial/SubEditors/TutorialAssets/Tutorial_DM.uasset" 387
"../../../Engine/Content/Tutorial/SubEditors/DestructibleMeshEditorTutorial.uasset" 388
"../../../Engine/Content/Tutorial/SubEditors/TutorialAssets/TutorialMaterial.uasset" 389
"../../../Engine/Content/Tutorial/SubEditors/MaterialEditorTutorial.uasset" 390
"../../../Engine/Content/Tutorial/SubEditors/TutorialAssets/T_SmokeSubUV_8X8.uasset" 391
"../../../Engine/Content/Tutorial/SubEditors/TutorialAssets/T_soft_smoke.uasset" 392
"../../../Engine/Content/Tutorial/SubEditors/TutorialAssets/M_smoke_subUV_blackbody.uasset" 393
"../../../Engine/Content/Tutorial/SubEditors/TutorialAssets/TutorialParticleSystem.uasset" 394
"../../../Engine/Content/Tutorial/SubEditors/ParticleSystemEditorTutorial.uasset" 395
"../../../Engine/Content/EngineMeshes/Cube.uasset" 396
"../../../Engine/Content/Tutorial/SubEditors/StaticMeshEditorTutorial.uasset" 397
"../../../Engine/Content/Tutorial/SubEditors/TutorialAssets/icon_Editor_Preferences_General_40x.uasset" 398
"../../../Tauri/Content/Blueprints/Level/AI/DecoratorLookingAtEnemy.uasset" 399
"../../../Tauri/Content/Blueprints/Level/AI/ServiceLookAtEnemy.uasset" 400
"../../../Tauri/Content/Blueprints/Level/AI/TaskChooseRandomLocation.uasset" 401
"../../../Tauri/Content/Blueprints/Level/AI/TaskRotateToEnemy.uasset" 402
"../../../Tauri/Content/Blueprints/Level/AI/TauriAICharacter.uasset" 403
"../../../Tauri/Content/Blueprints/Level/GameMode/TauriCharacterBP.uasset" 404
"../../../Tauri/Content/Blueprints/Level/GameMode/TauriGameModeBP.uasset" 405
"../../../Tauri/Content/Blueprints/Level/GameMode/TauriHudBP.uasset" 406
"../../../Tauri/Content/Blueprints/Level/GameMode/Tech_PlayerStart.uasset" 407
"../../../Tauri/Content/Blueprints/Level/HUD/Health.uasset" 408
"../../../Tauri/Content/Blueprints/Level/HUD/HealthInterface.uasset" 409
"../../../Tauri/Content/Blueprints/Level/Items/UsableItem.uasset" 410
"../../../Tauri/Content/Blueprints/Level/Items/Weapons/ak.uasset" 411
"../../../Tauri/Content/Blueprints/Menu/HUD/crosshair.uasset" 412
"../../../Tauri/Content/Objects/HUD/T_ServerTravel.uasset" 413
"../../../Tauri/Content/Blueprints/Menu/HUD/ServerTravel.uasset" 414
"../../../Tauri/Content/Blueprints/Menu/HUD/Stargate.uasset" 415
"../../../Tauri/Content/Blueprints/Menu/HUD/T_BP.uasset" 416
"../../../Tauri/Content/Blueprints/Menu/HUD/T_MainMenu.uasset" 417
"../../../Tauri/Content/Objects/Character/Animations/BS_CrouchWalk_Copy.uasset" 418
"../../../Tauri/Content/Objects/Character/Animations/Crouch_Idle_Rifle_Ironsights_Copy.uasset" 419
"../../../Tauri/Content/Objects/Character/Animations/Crouch_to_Stand_Rifle_Ironsights.uasset" 420
"../../../Tauri/Content/Objects/Character/Animations/Crouch_to_Stand_Rifle_Ironsights_Copy.uasset" 421
"../../../Tauri/Content/Objects/Character/Animations/Crouch_Walk_Bwd_Rifle_Hip.uasset" 422
"../../../Tauri/Content/Objects/Character/Animations/Crouch_Walk_Bwd_Rifle_Hip_Copy.uasset" 423
"../../../Tauri/Content/Objects/Character/Animations/Crouch_Walk_Fwd_Rifle_Hip.uasset" 424
"../../../Tauri/Content/Objects/Character/Animations/Crouch_Walk_Fwd_Rifle_Hip_Copy.uasset" 425
"../../../Tauri/Content/Objects/Character/Animations/Crouch_Walk_Lt_Rifle_Hip.uasset" 426
"../../../Tauri/Content/Objects/Character/Animations/Crouch_Walk_Lt_Rifle_Hip_Copy.uasset" 427
"../../../Tauri/Content/Objects/Character/Animations/Crouch_Walk_Rt_Rifle_Hip.uasset" 428
"../../../Tauri/Content/Objects/Character/Animations/Crouch_Walk_Rt_Rifle_Hip_Copy.uasset" 429
"../../../Tauri/Content/Objects/Character/Animations/Equip_Rifle_Standing.uasset" 430
"../../../Tauri/Content/Objects/Character/Animations/Equip_Rifle_Standing_Copy.uasset" 431
"../../../Tauri/Content/Objects/Character/Animations/Fire_Rifle_Hip.uasset" 432
"../../../Tauri/Content/Objects/Character/Animations/Fire_Rifle_Hip_Copy.uasset" 433
"../../../Tauri/Content/Objects/Character/Animations/Fire_Rifle_Ironsights_Copy.uasset" 434
"../../../Tauri/Content/Objects/Character/Animations/Idle_Rifle_Hip.uasset" 435
"../../../Tauri/Content/Objects/Character/Animations/Idle_Rifle_Hip_Copy.uasset" 436
"../../../Tauri/Content/Objects/Character/Animations/Idle_Rifle_Ironsights_Copy.uasset" 437
"../../../Tauri/Content/Objects/Character/Animations/Jog_Bwd_Rifle.uasset" 438
"../../../Tauri/Content/Objects/Character/Animations/Jog_Bwd_Rifle_Copy.uasset" 439
"../../../Tauri/Content/Objects/Character/Animations/Jog_Fwd_Rifle.uasset" 440
"../../../Tauri/Content/Objects/Character/Animations/Jog_Fwd_Rifle_Copy.uasset" 441
"../../../Tauri/Content/Objects/Character/Animations/Jog_Lt_Rifle.uasset" 442
"../../../Tauri/Content/Objects/Character/Animations/Jog_Lt_Rifle_Copy.uasset" 443
"../../../Tauri/Content/Objects/Character/Animations/Jog_Rt_Rifle.uasset" 444
"../../../Tauri/Content/Objects/Character/Animations/Jog_Rt_Rifle_Copy.uasset" 445
"../../../Tauri/Content/Objects/Character/Animations/Jump_From_Jog_Copy.uasset" 446
"../../../Tauri/Content/Objects/Character/Animations/Jump_From_Stand.uasset" 447
"../../../Tauri/Content/Objects/Character/Animations/Jump_From_Stand_Copy.uasset" 448
"../../../Tauri/Content/Objects/Character/Animations/Jump_From_Stand_Ironsights_Copy.uasset" 449
"../../../Tauri/Content/Objects/Character/Animations/Reload_Rifle_Hip.uasset" 450
"../../../Tauri/Content/Objects/Character/Animations/Reload_Rifle_Hip_Copy.uasset" 451
"../../../Tauri/Content/Objects/Character/Animations/Reload_Rifle_Ironsights_Copy.uasset" 452
"../../../Tauri/Content/Objects/Character/Animations/Sprint_Fwd_Rifle_Copy.uasset" 453
"../../../Tauri/Content/Objects/Character/Animations/Stand_to_Crouch_Rifle_Ironsights.uasset" 454
"../../../Tauri/Content/Objects/Character/Animations/Stand_to_Crouch_Rifle_Ironsights_Copy.uasset" 455
"../../../Tauri/Content/Objects/Character/Animations/ThirdPerson_AnimBP.uasset" 456
"../../../Tauri/Content/Objects/Character/Animations/Aim/10.uasset" 457
"../../../Tauri/Content/Objects/Character/Textures/UE4_LOGO_CARD.uasset" 458
"../../../Tauri/Content/UE4-Content/AnimStarterPack/Jump_From_Stand_Ironsights.uasset" 459
"../../../Tauri/Content/UE4-Content/AnimStarterPack/Prone_Death_1.uasset" 460
"../../../Tauri/Content/UE4-Content/AnimStarterPack/Prone_Death_2.uasset" 461
"../../../Tauri/Content/UE4-Content/AnimStarterPack/Prone_Fire_1.uasset" 462
"../../../Tauri/Content/UE4-Content/AnimStarterPack/Prone_Fire_2.uasset" 463
"../../../Tauri/Content/UE4-Content/AnimStarterPack/Prone_Idle.uasset" 464
"../../../Tauri/Content/UE4-Content/AnimStarterPack/Prone_Reload_Rifle.uasset" 465
"../../../Tauri/Content/UE4-Content/AnimStarterPack/Prone_Reload_Shotgun.uasset" 466
"../../../Tauri/Content/UE4-Content/AnimStarterPack/Prone_To_Stand.uasset" 467
"../../../Tauri/Content/UE4-Content/AnimStarterPack/Reload_Pistol.uasset" 468
"../../../Tauri/Content/UE4-Content/AnimStarterPack/Reload_Rifle_Hip.uasset" 469
"../../../Tauri/Content/UE4-Content/AnimStarterPack/Reload_Rifle_Ironsights.uasset" 470
"../../../Tauri/Content/UE4-Content/AnimStarterPack/Reload_Shotgun_Hip.uasset" 471
"../../../Tauri/Content/UE4-Content/AnimStarterPack/Reload_Shotgun_Ironsights.uasset" 472
"../../../Tauri/Content/UE4-Content/AnimStarterPack/Sprint_Fwd_Rifle.uasset" 473
"../../../Tauri/Content/UE4-Content/AnimStarterPack/Stand_to_Crouch_Rifle_Hip.uasset" 474
"../../../Tauri/Content/UE4-Content/AnimStarterPack/Stand_to_Crouch_Rifle_Ironsights.uasset" 475
"../../../Tauri/Content/UE4-Content/AnimStarterPack/Stand_To_Prone.uasset" 476
"../../../Tauri/Content/UE4-Content/AnimStarterPack/Walk_Bwd_Rifle_Ironsights.uasset" 477
"../../../Tauri/Content/UE4-Content/AnimStarterPack/Walk_Fwd_Rifle_Ironsights.uasset" 478
"../../../Tauri/Content/UE4-Content/AnimStarterPack/Walk_Lt_Rifle_Ironsights.uasset" 479
"../../../Tauri/Content/UE4-Content/AnimStarterPack/Walk_Rt_Rifle_Ironsights.uasset" 480
"../../../Tauri/Content/UE4-Content/StarterContent/Materials/M_Basic_Floor.uasset" 481
"../../../Tauri/Content/UE4-Content/StarterContent/Architecture/Floor_400x400.uasset" 482
"../../../Tauri/Content/UE4-Content/StarterContent/Architecture/Pillar_50x500.uasset" 483
"../../../Tauri/Content/UE4-Content/StarterContent/Materials/M_AssetPlatform.uasset" 484
"../../../Tauri/Content/UE4-Content/StarterContent/Architecture/SM_AssetPlatform.uasset" 485
"../../../Tauri/Content/UE4-Content/StarterContent/Architecture/Wall_400x200.uasset" 486
"../../../Tauri/Content/UE4-Content/StarterContent/Architecture/Wall_400x300.uasset" 487
"../../../Tauri/Content/UE4-Content/StarterContent/Architecture/Wall_400x400.uasset" 488
"../../../Tauri/Content/UE4-Content/StarterContent/Architecture/Wall_500x500.uasset" 489
"../../../Tauri/Content/UE4-Content/StarterContent/Architecture/Wall_Door_400x300.uasset" 490
"../../../Tauri/Content/UE4-Content/StarterContent/Architecture/Wall_Door_400x400.uasset" 491
"../../../Tauri/Content/UE4-Content/StarterContent/Architecture/Wall_Window_400x300.uasset" 492
"../../../Tauri/Content/UE4-Content/StarterContent/Architecture/Wall_Window_400x400.uasset" 493
"../../../Tauri/Content/UE4-Content/StarterContent/Audio/Collapse01.uasset" 494
"../../../Tauri/Content/UE4-Content/StarterContent/Audio/Collapse02.uasset" 495
"../../../Tauri/Content/UE4-Content/StarterContent/Audio/Collapse_Cue.uasset" 496
"../../../Tauri/Content/UE4-Content/StarterContent/Audio/Light01.uasset" 497
"../../../Tauri/Content/UE4-Content/StarterContent/Audio/Light01_Cue.uasset" 498
"../../../Tauri/Content/UE4-Content/StarterContent/Audio/Light02.uasset" 499
"../../../Tauri/Content/UE4-Content/StarterContent/Audio/Light02_Cue.uasset" 500
"../../../Tauri/Content/UE4-Content/StarterContent/Audio/Starter_Wind05.uasset" 501
"../../../Tauri/Content/UE4-Content/StarterContent/Audio/Starter_Birds01.uasset" 502
"../../../Tauri/Content/UE4-Content/StarterContent/Audio/Starter_Wind06.uasset" 503
"../../../Tauri/Content/UE4-Content/StarterContent/Audio/Starter_Background_Cue.uasset" 504
"../../../Tauri/Content/UE4-Content/StarterContent/Audio/Starter_Music01.uasset" 505
"../../../Tauri/Content/UE4-Content/StarterContent/Audio/Starter_Music_Cue.uasset" 506
"../../../Tauri/Content/UE4-Content/StarterContent/Textures/T_Lamp_M.uasset" 507
"../../../Tauri/Content/UE4-Content/StarterContent/Textures/T_Lamp_N.uasset" 508
"../../../Tauri/Content/UE4-Content/StarterContent/Props/Materials/M_Lamp.uasset" 509
"../../../Tauri/Content/UE4-Content/StarterContent/Props/SM_Lamp_Ceiling.uasset" 510
"../../../Tauri/Content/UE4-Content/StarterContent/Blueprints/Blueprint_CeilingLight.uasset" 511
"../../../Tauri/Content/UE4-Content/StarterContent/Audio/Explosion01.uasset" 512
"../../../Tauri/Content/UE4-Content/StarterContent/Audio/Explosion02.uasset" 513
"../../../Tauri/Content/UE4-Content/StarterContent/Audio/Explosion_Cue.uasset" 514
"../../../Tauri/Content/UE4-Content/StarterContent/Textures/T_Burst_M.uasset" 515
"../../../Tauri/Content/UE4-Content/StarterContent/Particles/Materials/M_Burst.uasset" 516
"../../../Tauri/Content/UE4-Content/StarterContent/Textures/T_Explosion_SubUV.uasset" 517
"../../../Tauri/Content/UE4-Content/StarterContent/Particles/Materials/M_explosion_subUV.uasset" 518
"../../../Tauri/Content/UE4-Content/StarterContent/Particles/Materials/m_flare_01.uasset" 519
"../../../Engine/Content/Functions/Engine_MaterialFunctions01/Gradient/RadialGradient.uasset" 520
"../../../Tauri/Content/UE4-Content/StarterContent/Particles/Materials/M_radial_ramp.uasset" 521
"../../../Tauri/Content/UE4-Content/StarterContent/Textures/T_Smoke_SubUV.uasset" 522
"../../../Tauri/Content/UE4-Content/StarterContent/Textures/T_Smoke_Tiled_D.uasset" 523
"../../../Tauri/Content/UE4-Content/StarterContent/Particles/Materials/M_smoke_subUV.uasset" 524
"../../../Tauri/Content/UE4-Content/StarterContent/Particles/P_Explosion.uasset" 525
"../../../Tauri/Content/UE4-Content/StarterContent/Blueprints/Blueprint_Effect_Explosion.uasset" 526
"../../../Tauri/Content/UE4-Content/StarterContent/Audio/Fire01.uasset" 527
"../../../Tauri/Content/UE4-Content/StarterContent/Audio/Fire01_Cue.uasset" 528
"../../../Tauri/Content/UE4-Content/StarterContent/Textures/T_Fire_SubUV.uasset" 529
"../../../Tauri/Content/UE4-Content/StarterContent/Textures/T_Fire_Tiled_D.uasset" 530
"../../../Tauri/Content/UE4-Content/StarterContent/Particles/Materials/M_Fire_SubUV.uasset" 531
"../../../Tauri/Content/UE4-Content/StarterContent/Textures/T_Water_N.uasset" 532
"../../../Tauri/Content/UE4-Content/StarterContent/Particles/Materials/M_Heat_Distortion.uasset" 533
"../../../Tauri/Content/UE4-Content/StarterContent/Particles/Materials/M_Radial_Gradient.uasset" 534
"../../../Tauri/Content/UE4-Content/StarterContent/Particles/P_Fire.uasset" 535
"../../../Tauri/Content/UE4-Content/StarterContent/Blueprints/Blueprint_Effect_Fire.uasset" 536
"../../../Tauri/Content/UE4-Content/StarterContent/Audio/Smoke01.uasset" 537
"../../../Tauri/Content/UE4-Content/StarterContent/Audio/Smoke01_Cue.uasset" 538
"../../../Tauri/Content/UE4-Content/StarterContent/Particles/P_Smoke.uasset" 539
"../../../Tauri/Content/UE4-Content/StarterContent/Blueprints/Blueprint_Effect_Smoke.uasset" 540
"../../../Tauri/Content/UE4-Content/StarterContent/Audio/Fire_Sparks01.uasset" 541
"../../../Tauri/Content/UE4-Content/StarterContent/Audio/Fire_Sparks01_Cue.uasset" 542
"../../../Tauri/Content/UE4-Content/StarterContent/Textures/T_Spark_Core.uasset" 543
"../../../Tauri/Content/UE4-Content/StarterContent/Particles/Materials/M_Spark.uasset" 544
"../../../Tauri/Content/UE4-Content/StarterContent/Particles/P_Sparks.uasset" 545
"../../../Tauri/Content/UE4-Content/StarterContent/Blueprints/Blueprint_Effect_Sparks.uasset" 546
"../../../Tauri/Content/UE4-Content/StarterContent/Audio/Steam01.uasset" 547
"../../../Tauri/Content/UE4-Content/StarterContent/Audio/Steam01_Cue.uasset" 548
"../../../Tauri/Content/UE4-Content/StarterContent/Particles/P_Steam_Lit.uasset" 549
"../../../Tauri/Content/UE4-Content/StarterContent/Blueprints/Blueprint_Effect_Steam.uasset" 550
"../../../Tauri/Content/UE4-Content/StarterContent/Props/SM_Lamp_Wall.uasset" 551
"../../../Tauri/Content/UE4-Content/StarterContent/Blueprints/Blueprint_WallSconce.uasset" 552
"../../../Tauri/Content/UE4-Content/StarterContent/Blueprints/Assets/FogBrightnessLUT.uasset" 553
"../../../Tauri/Content/UE4-Content/StarterContent/Blueprints/Assets/SunlightColorLUT.uasset" 554
"../../../Tauri/Content/UE4-Content/StarterContent/Blueprints/Assets/M_LightStage_Arrows.uasset" 555
"../../../Engine/Content/MapTemplates/Sky/DaylightAmbientCubemap.uasset" 556
"../../../Tauri/Content/UE4-Content/StarterContent/Blueprints/Assets/M_LightStage_Skybox_Master.uasset" 557
"../../../Tauri/Content/UE4-Content/StarterContent/Blueprints/Assets/M_LightStage_Skybox_Black.uasset" 558
"../../../Tauri/Content/UE4-Content/StarterContent/Blueprints/Assets/M_LightStage_Skybox_HDRI.uasset" 559
"../../../Engine/Content/EditorMaterials/Thumbnails/SkySphereMaterial.uasset" 560
"../../../Tauri/Content/UE4-Content/StarterContent/Blueprints/Assets/Skybox.uasset" 561
"../../../Tauri/Content/UE4-Content/StarterContent/Blueprints/Assets/SM_Arrows.uasset" 562
"../../../Tauri/Content/UE4-Content/StarterContent/HDRI/HDRI_Epic_Courtyard_Daylight.uasset" 563
"../../../Tauri/Content/UE4-Content/StarterContent/Blueprints/BP_LightStudio.uasset" 564
"../../../Tauri/Content/UE4-Content/StarterContent/Textures/T_Brick_Clay_Beveled_D.uasset" 565
"../../../Tauri/Content/UE4-Content/StarterContent/Textures/T_Brick_Clay_Beveled_M.uasset" 566
"../../../Tauri/Content/UE4-Content/StarterContent/Textures/T_Brick_Clay_Beveled_N.uasset" 567
"../../../Tauri/Content/UE4-Content/StarterContent/Materials/M_Brick_Clay_Beveled.uasset" 568
"../../../Tauri/Content/UE4-Content/StarterContent/Textures/T_Brick_Clay_New_D.uasset" 569
"../../../Tauri/Content/UE4-Content/StarterContent/Textures/T_Brick_Clay_New_M.uasset" 570
"../../../Tauri/Content/UE4-Content/StarterContent/Textures/T_Brick_Clay_New_N.uasset" 571
"../../../Tauri/Content/UE4-Content/StarterContent/Textures/T_Detail_Rocky_N.uasset" 572
"../../../Tauri/Content/UE4-Content/StarterContent/Materials/M_Brick_Clay_New.uasset" 573
"../../../Tauri/Content/UE4-Content/StarterContent/Textures/T_Brick_Clay_Old_D.uasset" 574
"../../../Tauri/Content/UE4-Content/StarterContent/Textures/T_Brick_Clay_Old_N.uasset" 575
"../../../Tauri/Content/UE4-Content/StarterContent/Materials/M_Brick_Clay_Old.uasset" 576
"../../../Tauri/Content/UE4-Content/StarterContent/Textures/T_Brick_Cut_Stone_D.uasset" 577
"../../../Tauri/Content/UE4-Content/StarterContent/Textures/T_Brick_Cut_Stone_N.uasset" 578
"../../../Tauri/Content/UE4-Content/StarterContent/Materials/M_Brick_Cut_Stone.uasset" 579
"../../../Tauri/Content/UE4-Content/StarterContent/Textures/T_Brick_Hewn_Stone_D.uasset" 580
"../../../Tauri/Content/UE4-Content/StarterContent/Textures/T_Brick_Hewn_Stone_M.uasset" 581
"../../../Tauri/Content/UE4-Content/StarterContent/Textures/T_Brick_Hewn_Stone_N.uasset" 582
"../../../Tauri/Content/UE4-Content/StarterContent/Materials/M_Brick_Hewn_Stone.uasset" 583
"../../../Tauri/Content/UE4-Content/StarterContent/Textures/T_CobbleStone_Smooth_D.uasset" 584
"../../../Tauri/Content/UE4-Content/StarterContent/Textures/T_CobbleStone_Smooth_M.uasset" 585
"../../../Tauri/Content/UE4-Content/StarterContent/Textures/T_CobbleStone_Smooth_N.uasset" 586
"../../../Tauri/Content/UE4-Content/StarterContent/Materials/M_CobbleStone_Smooth.uasset" 587
"../../../Tauri/Content/UE4-Content/StarterContent/Materials/M_ColorGrid_LowSpec.uasset" 588
"../../../Tauri/Content/UE4-Content/StarterContent/Textures/T_Concrete_Grime_D.uasset" 589
"../../../Tauri/Content/UE4-Content/StarterContent/Textures/T_Metal_Rust_N.uasset" 590
"../../../Tauri/Content/UE4-Content/StarterContent/Materials/M_Concrete_Grime.uasset" 591
"../../../Tauri/Content/UE4-Content/StarterContent/Textures/T_Concrete_Panels_D.uasset" 592
"../../../Tauri/Content/UE4-Content/StarterContent/Textures/T_Concrete_Panels_N.uasset" 593
"../../../Tauri/Content/UE4-Content/StarterContent/Materials/M_Concrete_Panels.uasset" 594
"../../../Tauri/Content/UE4-Content/StarterContent/Textures/T_Concrete_Poured_D.uasset" 595
"../../../Tauri/Content/UE4-Content/StarterContent/Textures/T_Concrete_Poured_N.uasset" 596
"../../../Tauri/Content/UE4-Content/StarterContent/Materials/M_Concrete_Poured.uasset" 597
"../../../Tauri/Content/UE4-Content/StarterContent/Textures/T_Concrete_Tiles_D.uasset" 598
"../../../Tauri/Content/UE4-Content/StarterContent/Textures/T_Concrete_Tiles_M.uasset" 599
"../../../Tauri/Content/UE4-Content/StarterContent/Textures/T_Concrete_Tiles_N.uasset" 600
"../../../Tauri/Content/UE4-Content/StarterContent/Textures/T_Concrete_Tiles_Variation_M.uasset" 601
"../../../Tauri/Content/UE4-Content/StarterContent/Materials/M_Concrete_Tiles.uasset" 602
"../../../Tauri/Content/UE4-Content/StarterContent/Textures/T_Ground_Grass_D.uasset" 603
"../../../Tauri/Content/UE4-Content/StarterContent/Textures/T_Ground_Grass_N.uasset" 604
"../../../Tauri/Content/UE4-Content/StarterContent/Materials/M_Ground_Grass.uasset" 605
"../../../Tauri/Content/UE4-Content/StarterContent/Textures/T_Ground_Gravel_D.uasset" 606
"../../../Tauri/Content/UE4-Content/StarterContent/Textures/T_Ground_Gravel_N.uasset" 607
"../../../Tauri/Content/UE4-Content/StarterContent/Materials/M_Ground_Gravel.uasset" 608
"../../../Tauri/Content/UE4-Content/StarterContent/Textures/T_ground_Moss_D.uasset" 609
"../../../Tauri/Content/UE4-Content/StarterContent/Textures/T_Ground_Moss_N.uasset" 610
"../../../Tauri/Content/UE4-Content/StarterContent/Materials/M_Ground_Moss.uasset" 611
"../../../Tauri/Content/UE4-Content/StarterContent/Materials/M_Metal_Brushed_Nickel.uasset" 612
"../../../Tauri/Content/UE4-Content/StarterContent/Textures/T_Metal_Aluminum_D.uasset" 613
"../../../Tauri/Content/UE4-Content/StarterContent/Textures/T_Metal_Gold_N.uasset" 614
"../../../Tauri/Content/UE4-Content/StarterContent/Materials/M_Metal_Burnished_Steel.uasset" 615
"../../../Tauri/Content/UE4-Content/StarterContent/Materials/M_Metal_Chrome.uasset" 616
"../../../Tauri/Content/UE4-Content/StarterContent/Textures/T_Metal_Copper_D.uasset" 617
"../../../Tauri/Content/UE4-Content/StarterContent/Materials/M_Metal_Copper.uasset" 618
"../../../Tauri/Content/UE4-Content/StarterContent/Textures/T_Metal_Gold_D.uasset" 619
"../../../Tauri/Content/UE4-Content/StarterContent/Materials/M_Metal_Gold.uasset" 620
"../../../Tauri/Content/UE4-Content/StarterContent/Textures/T_Metal_Rust_D.uasset" 621
"../../../Tauri/Content/UE4-Content/StarterContent/Materials/M_Metal_Rust.uasset" 622
"../../../Tauri/Content/UE4-Content/StarterContent/Textures/T_Metal_Steel_D.uasset" 623
"../../../Tauri/Content/UE4-Content/StarterContent/Textures/T_Metal_Steel_N.uasset" 624
"../../../Tauri/Content/UE4-Content/StarterContent/Materials/M_Metal_Steel.uasset" 625
"../../../Tauri/Content/UE4-Content/StarterContent/Textures/T_Rock_Basalt_D.uasset" 626
"../../../Tauri/Content/UE4-Content/StarterContent/Textures/T_Rock_Basalt_N.uasset" 627
"../../../Tauri/Content/UE4-Content/StarterContent/Materials/M_Rock_Basalt.uasset" 628
"../../../Tauri/Content/UE4-Content/StarterContent/Materials/M_Rock_Marble_Polished.uasset" 629
"../../../Tauri/Content/UE4-Content/StarterContent/Textures/T_Rock_Sandstone_D.uasset" 630
"../../../Tauri/Content/UE4-Content/StarterContent/Textures/T_Rock_Sandstone_N.uasset" 631
"../../../Tauri/Content/UE4-Content/StarterContent/Materials/M_Rock_Sandstone.uasset" 632
"../../../Tauri/Content/UE4-Content/StarterContent/Textures/T_Rock_Slate_D.uasset" 633
"../../../Tauri/Content/UE4-Content/StarterContent/Textures/T_Rock_Slate_N.uasset" 634
"../../../Tauri/Content/UE4-Content/StarterContent/Materials/M_Rock_Slate.uasset" 635
"../../../Tauri/Content/UE4-Content/StarterContent/Textures/T_Checker_Noise_M.uasset" 636
"../../../Tauri/Content/UE4-Content/StarterContent/Textures/T_Single_Tile_N.uasset" 637
"../../../Tauri/Content/UE4-Content/StarterContent/Textures/T_Tech_Dot_M.uasset" 638
"../../../Tauri/Content/UE4-Content/StarterContent/Textures/T_Tech_Dot_N.uasset" 639
"../../../Tauri/Content/UE4-Content/StarterContent/Materials/M_Tech_Checker_Dot.uasset" 640
"../../../Tauri/Content/UE4-Content/StarterContent/Textures/T_Tech_Hex_Tile_M.uasset" 641
"../../../Tauri/Content/UE4-Content/StarterContent/Textures/T_Tech_Hex_Tile_N.uasset" 642
"../../../Tauri/Content/UE4-Content/StarterContent/Materials/M_Tech_Hex_Tile.uasset" 643
"../../../Tauri/Content/UE4-Content/StarterContent/Materials/M_Tech_Hex_Tile_Pulse.uasset" 644
"../../../Tauri/Content/UE4-Content/StarterContent/Textures/T_Tech_Panel_M.uasset" 645
"../../../Tauri/Content/UE4-Content/StarterContent/Textures/T_Tech_Panel_N.uasset" 646
"../../../Tauri/Content/UE4-Content/StarterContent/Materials/M_Tech_Panel.uasset" 647
"../../../Tauri/Content/UE4-Content/StarterContent/Materials/M_Water_Lake.uasset" 648
"../../../Tauri/Content/UE4-Content/StarterContent/Textures/T_Water_M.uasset" 649
"../../../Tauri/Content/UE4-Content/StarterContent/Materials/M_Water_Ocean.uasset" 650
"../../../Tauri/Content/UE4-Content/StarterContent/Textures/T_Wood_Floor_Walnut_D.uasset" 651
"../../../Tauri/Content/UE4-Content/StarterContent/Textures/T_Wood_Floor_Walnut_M.uasset" 652
"../../../Tauri/Content/UE4-Content/StarterContent/Textures/T_Wood_Floor_Walnut_N.uasset" 653
"../../../Tauri/Content/UE4-Content/StarterContent/Materials/M_Wood_Floor_Walnut_Polished.uasset" 654
"../../../Engine/Content/Functions/Engine_MaterialFunctions01/Opacity/AlphaOffset.uasset" 655
"../../../Tauri/Content/UE4-Content/StarterContent/Materials/M_Wood_Floor_Walnut_Worn.uasset" 656
"../../../Tauri/Content/UE4-Content/StarterContent/Textures/T_Wood_Oak_D.uasset" 657
"../../../Tauri/Content/UE4-Content/StarterContent/Textures/T_Wood_Oak_N.uasset" 658
"../../../Tauri/Content/UE4-Content/StarterContent/Materials/M_Wood_Oak.uasset" 659
"../../../Tauri/Content/UE4-Content/StarterContent/Textures/T_Wood_Pine_D.uasset" 660
"../../../Tauri/Content/UE4-Content/StarterContent/Textures/T_Wood_Pine_N.uasset" 661
"../../../Tauri/Content/UE4-Content/StarterContent/Materials/M_Wood_Pine.uasset" 662
"../../../Tauri/Content/UE4-Content/StarterContent/Textures/T_Wood_Walnut_D.uasset" 663
"../../../Tauri/Content/UE4-Content/StarterContent/Textures/T_Wood_Walnut_N.uasset" 664
"../../../Tauri/Content/UE4-Content/StarterContent/Materials/M_Wood_Walnut.uasset" 665
"../../../Tauri/Content/UE4-Content/StarterContent/Textures/T_Dust_Particle_D.uasset" 666
"../../../Tauri/Content/UE4-Content/StarterContent/Particles/Materials/M_Dust_Particle.uasset" 667
"../../../Tauri/Content/UE4-Content/StarterContent/Particles/P_Ambient_Dust.uasset" 668
"../../../Tauri/Content/UE4-Content/StarterContent/Props/MaterialSphere.uasset" 669
"../../../Tauri/Content/UE4-Content/StarterContent/Textures/T_Bush_D.uasset" 670
"../../../Tauri/Content/UE4-Content/StarterContent/Textures/T_Bush_N.uasset" 671
"../../../Tauri/Content/UE4-Content/StarterContent/Props/Materials/M_Bush.uasset" 672
"../../../Tauri/Content/UE4-Content/StarterContent/Props/SM_Bush.uasset" 673
"../../../Tauri/Content/UE4-Content/StarterContent/Textures/T_Chair_M.uasset" 674
"../../../Tauri/Content/UE4-Content/StarterContent/Textures/T_Chair_N.uasset" 675
"../../../Tauri/Content/UE4-Content/StarterContent/Props/Materials/M_Chair.uasset" 676
"../../../Tauri/Content/UE4-Content/StarterContent/Props/SM_Chair.uasset" 677
"../../../Tauri/Content/UE4-Content/StarterContent/Props/SM_CornerFrame.uasset" 678
"../../../Tauri/Content/UE4-Content/StarterContent/Props/SM_Couch.uasset" 679
"../../../Tauri/Content/UE4-Content/StarterContent/Materials/M_Glass.uasset" 680
"../../../Tauri/Content/UE4-Content/StarterContent/Textures/T_Door_M.uasset" 681
"../../../Tauri/Content/UE4-Content/StarterContent/Textures/T_Door_N.uasset" 682
"../../../Tauri/Content/UE4-Content/StarterContent/Props/Materials/M_Door.uasset" 683
"../../../Tauri/Content/UE4-Content/StarterContent/Props/SM_Door.uasset" 684
"../../../Tauri/Content/UE4-Content/StarterContent/Props/SM_DoorFrame.uasset" 685
"../../../Tauri/Content/UE4-Content/StarterContent/Props/SM_GlassWindow.uasset" 686
"../../../Tauri/Content/UE4-Content/StarterContent/Props/Materials/M_MaterialSphere.uasset" 687
"../../../Tauri/Content/UE4-Content/StarterContent/Props/Materials/M_MaterialSphere_Plain.uasset" 688
"../../../Tauri/Content/UE4-Content/StarterContent/Props/SM_MatPreviewMesh_02.uasset" 689
"../../../Tauri/Content/UE4-Content/StarterContent/Props/SM_PillarFrame.uasset" 690
"../../../Tauri/Content/UE4-Content/StarterContent/Props/SM_PillarFrame300.uasset" 691
"../../../Tauri/Content/UE4-Content/StarterContent/Textures/T_RockMesh_M.uasset" 692
"../../../Tauri/Content/UE4-Content/StarterContent/Textures/T_RockMesh_N.uasset" 693
"../../../Tauri/Content/UE4-Content/StarterContent/Props/Materials/M_Rock.uasset" 694
"../../../Tauri/Content/UE4-Content/StarterContent/Props/SM_Rock.uasset" 695
"../../../Tauri/Content/UE4-Content/StarterContent/Textures/T_Shelf_M.uasset" 696
"../../../Tauri/Content/UE4-Content/StarterContent/Textures/T_Shelf_N.uasset" 697
"../../../Tauri/Content/UE4-Content/StarterContent/Props/Materials/M_Shelf.uasset" 698
"../../../Tauri/Content/UE4-Content/StarterContent/Props/SM_Shelf.uasset" 699
"../../../Tauri/Content/UE4-Content/StarterContent/Props/SM_Stairs.uasset" 700
"../../../Tauri/Content/UE4-Content/StarterContent/Textures/T_Statue_M.uasset" 701
"../../../Tauri/Content/UE4-Content/StarterContent/Textures/T_Statue_N.uasset" 702
"../../../Tauri/Content/UE4-Content/StarterContent/Props/Materials/M_Statue.uasset" 703
"../../../Tauri/Content/UE4-Content/StarterContent/Props/Materials/M_StatueGlass.uasset" 704
"../../../Tauri/Content/UE4-Content/StarterContent/Props/SM_Statue.uasset" 705
"../../../Tauri/Content/UE4-Content/StarterContent/Shapes/Shape_Cone.uasset" 706
"../../../Tauri/Content/UE4-Content/StarterContent/Shapes/Shape_Cube.uasset" 707
"../../../Tauri/Content/UE4-Content/StarterContent/Shapes/Shape_Cylinder.uasset" 708
"../../../Tauri/Content/UE4-Content/StarterContent/Shapes/Shape_NarrowCapsule.uasset" 709
"../../../Tauri/Content/UE4-Content/StarterContent/Shapes/Shape_Pipe.uasset" 710
"../../../Tauri/Content/UE4-Content/StarterContent/Shapes/Shape_Pipe_180.uasset" 711
